<?xml version="1.0" encoding="UTF-8"?>
<testng-results ignored="0" total="1" passed="1" failed="0" skipped="0">
  <reporter-output>
  </reporter-output>
  <suite started-at="2022-10-20T22:55:50 IST" name="Default suite" finished-at="2022-10-20T22:55:56 IST" duration-ms="5200">
    <groups>
    </groups>
    <test started-at="2022-10-20T22:55:50 IST" name="Default test" finished-at="2022-10-20T22:55:56 IST" duration-ms="5200">
      <class name="tesy.Login">
        <test-method is-config="true" signature="beforeTest()[pri:0, instance:tesy.Login@4f18837a]" started-at="2022-10-20T22:55:50 IST" name="beforeTest" finished-at="2022-10-20T22:55:53 IST" duration-ms="2137" status="PASS">
          <reporter-output>
          </reporter-output>
        </test-method> <!-- beforeTest -->
        <test-method signature="f()[pri:0, instance:tesy.Login@4f18837a]" started-at="2022-10-20T22:55:53 IST" name="f" finished-at="2022-10-20T22:55:56 IST" duration-ms="3002" status="PASS">
          <reporter-output>
          </reporter-output>
        </test-method> <!-- f -->
        <test-method is-config="true" signature="afterTest()[pri:0, instance:tesy.Login@4f18837a]" started-at="2022-10-20T22:55:56 IST" name="afterTest" finished-at="2022-10-20T22:55:56 IST" duration-ms="1" status="PASS">
          <reporter-output>
          </reporter-output>
        </test-method> <!-- afterTest -->
      </class> <!-- tesy.Login -->
    </test> <!-- Default test -->
  </suite> <!-- Default suite -->
</testng-results>
